<?xml version="1.0" encoding="UTF-8"?>
<!-- Generated by org.testng.reporters.JUnitReportReporter -->
<testsuite hostname="DESKTOP-A39ON9M" failures="0" tests="4" name="com.ReviewTest.testCases.MovieReviewTest" time="126.486" errors="0" timestamp="2022-06-12T16:54:08 IST" skipped="0">
  <testcase classname="com.ReviewTest.testCases.MovieReviewTest" name="verifyReleaseDateOnIMDBAndWiki" time="0.004"/>
  <system-out/>
  <testcase classname="com.ReviewTest.testCases.MovieReviewTest" name="ImdbSearchTest" time="81.465"/>
  <system-out/>
  <testcase classname="com.ReviewTest.testCases.MovieReviewTest" name="testingWikiReviewDetails" time="23.543"/>
  <system-out/>
  <testcase classname="com.ReviewTest.testCases.MovieReviewTest" name="verifyImdbMovieReviewDetails" time="21.474"/>
  <system-out/>
</testsuite> <!-- com.ReviewTest.testCases.MovieReviewTest -->
