<?xml version="1.0" encoding="UTF-8"?>
<!-- Generated by org.testng.reporters.JUnitReportReporter -->
<testsuite hostname="DESKTOP-A39ON9M" failures="0" tests="4" name="com.FilmReviewCheck.testCases.MovieReviewDetails" time="66.695" errors="0" timestamp="2022-06-12T14:33:09 IST" skipped="0">
  <testcase classname="com.FilmReviewCheck.testCases.MovieReviewDetails" name="verifyImdbMovieReviewDetails" time="23.346"/>
  <system-out/>
  <testcase classname="com.FilmReviewCheck.testCases.MovieReviewDetails" name="testingWikiReviewDetails" time="20.713"/>
  <system-out/>
  <testcase classname="com.FilmReviewCheck.testCases.MovieReviewDetails" name="ImdbSearchTest" time="22.626"/>
  <system-out/>
  <testcase classname="com.FilmReviewCheck.testCases.MovieReviewDetails" name="verifyReleaseDateOnIMDBAndWiki" time="0.010"/>
  <system-out/>
</testsuite> <!-- com.FilmReviewCheck.testCases.MovieReviewDetails -->
