<?xml version="1.0" encoding="UTF-8"?>
<!-- Generated by org.testng.reporters.JUnitReportReporter -->
<testsuite hostname="DESKTOP-A39ON9M" failures="0" tests="4" name="com.ReviewTest.testCases.MovieReviewTest" time="117.698" errors="0" timestamp="2022-06-12T23:39:09 IST" skipped="0">
  <testcase classname="com.ReviewTest.testCases.MovieReviewTest" name="verifyReleaseDateOnIMDBAndWiki" time="0.003"/>
  <system-out/>
  <testcase classname="com.ReviewTest.testCases.MovieReviewTest" name="ImdbSearchTest" time="42.929"/>
  <system-out/>
  <testcase classname="com.ReviewTest.testCases.MovieReviewTest" name="testingWikiReviewDetails" time="39.000"/>
  <system-out/>
  <testcase classname="com.ReviewTest.testCases.MovieReviewTest" name="verifyImdbMovieReviewDetails" time="35.766"/>
  <system-out/>
</testsuite> <!-- com.ReviewTest.testCases.MovieReviewTest -->
